::1 - - [17/Jan/2018:02:39:31 +0000] "GET / HTTP/1.1" 404 139
::1 - - [17/Jan/2018:02:39:31 +0000] "GET /favicon.ico HTTP/1.1" 404 150
::ffff:127.0.0.1 - - [17/Jan/2018:02:40:18 +0000] "GET /?i=tt3896198 HTTP/1.1" 404 139
::ffff:127.0.0.1 - - [17/Jan/2018:02:40:18 +0000] "GET /?i=tt3896198 HTTP/1.1" 404 139
::ffff:127.0.0.1 - - [17/Jan/2018:02:40:18 +0000] "GET /?t=baby%20driver HTTP/1.1" 404 139
::ffff:127.0.0.1 - - [17/Jan/2018:02:40:18 +0000] "GET /?t=baby%20driver HTTP/1.1" 404 139
::ffff:127.0.0.1 - - [17/Jan/2018:02:40:18 +0000] "GET /?t=baby%20driver HTTP/1.1" 404 139
::1 - - [17/Jan/2018:02:41:48 +0000] "GET / HTTP/1.1" 404 139
::1 - - [17/Jan/2018:02:41:52 +0000] "GET / HTTP/1.1" 404 139
::1 - - [17/Jan/2018:02:41:53 +0000] "GET / HTTP/1.1" 404 139
::1 - - [17/Jan/2018:02:41:53 +0000] "GET / HTTP/1.1" 404 139
::1 - - [17/Jan/2018:02:41:53 +0000] "GET / HTTP/1.1" 404 139
::1 - - [17/Jan/2018:02:41:53 +0000] "GET / HTTP/1.1" 404 139
::1 - - [17/Jan/2018:02:41:54 +0000] "GET / HTTP/1.1" 404 139
::1 - - [17/Jan/2018:02:41:54 +0000] "GET / HTTP/1.1" 404 139
::1 - - [17/Jan/2018:02:41:55 +0000] "GET / HTTP/1.1" 404 139
::1 - - [17/Jan/2018:02:41:55 +0000] "GET / HTTP/1.1" 404 139
::1 - - [17/Jan/2018:02:41:55 +0000] "GET / HTTP/1.1" 404 139
::1 - - [17/Jan/2018:02:41:55 +0000] "GET / HTTP/1.1" 404 139
::1 - - [17/Jan/2018:02:41:55 +0000] "GET / HTTP/1.1" 404 139
::1 - - [17/Jan/2018:02:41:56 +0000] "GET / HTTP/1.1" 404 139
::1 - - [17/Jan/2018:02:41:56 +0000] "GET / HTTP/1.1" 404 139
[0mGET / [33m404 [0m2.798 ms - 139[0m
[0mGET /?i=tt3896198 [33m404 [0m3.114 ms - 139[0m
[0mGET /?i=tt3896198 [33m404 [0m0.289 ms - 139[0m
[0mGET /?i=tt3896198 [33m404 [0m0.280 ms - 139[0m
[0mGET /?i=tt3896198 [33m404 [0m0.116 ms - 139[0m
[0mGET /?i=tt3896198 [33m404 [0m0.116 ms - 139[0m
[0mGET / [32m200 [0m5.055 ms - 9[0m
[0mGET /page2 [32m200 [0m2.207 ms - 9[0m
[0mGET / [36m304 [0m1.787 ms - -[0m
[0mGET /page2 [32m200 [0m3.167 ms - 11[0m
[0mGET / [36m304 [0m1.455 ms - -[0m
[0mGET /?i=tt3896198 [32m200 [0m1.913 ms - 9[0m
[0mGET /?i=tt3896198 [32m200 [0m0.233 ms - 9[0m
[0mGET /?t=baby%20driver [32m200 [0m0.151 ms - 9[0m
[0mGET /?t=baby%20driver [32m200 [0m0.100 ms - 9[0m
[0mGET /?t=baby%20driver [32m200 [0m0.125 ms - 9[0m
[0mGET /page2 [32m200 [0m45.621 ms - 1466[0m
[0mGET /?i=tt3896198 [32m200 [0m1.766 ms - 9[0m
[0mGET /?i=tt3896198 [32m200 [0m0.205 ms - 9[0m
[0mGET /?t=baby%20driver [32m200 [0m0.117 ms - 9[0m
[0mGET /?t=baby%20driver [32m200 [0m0.158 ms - 9[0m
[0mGET /?t=baby%20driver [32m200 [0m0.139 ms - 9[0m
[0mGET /page2 [33m404 [0m2.702 ms - 144[0m
[0mGET / [36m304 [0m10.686 ms - -[0m
[0mGET /?i=tt3896198 [32m200 [0m0.691 ms - 9[0m
[0mGET /?i=tt3896198 [36m304 [0m0.362 ms - -[0m
[0mGET /?i=tt3896198 [32m200 [0m1.723 ms - 9[0m
[0mGET /?i=tt3896198 [32m200 [0m0.225 ms - 9[0m
[0mGET /?t=baby%20driver [32m200 [0m0.113 ms - 9[0m
[0mGET /?t=baby%20driver [32m200 [0m0.152 ms - 9[0m
[0mGET /?t=baby%20driver [32m200 [0m0.111 ms - 9[0m
[0mGET /?i=tt3896198 [36m304 [0m2.344 ms - -[0m
[0mGET /?i=tt3896198 [36m304 [0m0.271 ms - -[0m
[0mGET /?i=tt3896198 [36m304 [0m0.145 ms - -[0m
[0mGET /?i=tt3896198 [36m304 [0m0.144 ms - -[0m
[0mGET /?i=tt3896198 [36m304 [0m0.116 ms - -[0m
[0mGET /?i=tt3896198 [36m304 [0m0.123 ms - -[0m
[0mGET /?i=tt3896198 [36m304 [0m0.128 ms - -[0m
[0mGET /?i=tt3896198 [36m304 [0m0.145 ms - -[0m
[0mGET /?i=tt3896198 [36m304 [0m0.598 ms - -[0m
[0mGET /?i=tt3896198 [36m304 [0m0.389 ms - -[0m
[0mGET /?i=tt3896198 [36m304 [0m0.208 ms - -[0m
[0mGET /?i=tt3896198 [36m304 [0m0.148 ms - -[0m
[0mGET /?i=tt3896198 [36m304 [0m0.633 ms - -[0m
[0mGET /?i=tt3896198 [36m304 [0m0.201 ms - -[0m
[0mGET /?i=tt3896198 [32m200 [0m2.058 ms - 6[0m
[0mGET /?i=tt3896198 [33m404 [0m2.450 ms - 139[0m
[0mGET /?i=tt3896198 [33m404 [0m0.449 ms - 139[0m
[0mGET /?i=tt3896198 [33m404 [0m0.202 ms - 139[0m
[0mGET /?i=tt3896198 [33m404 [0m0.177 ms - 139[0m
[0mGET /?i=tt3896198 [33m404 [0m0.188 ms - 139[0m
[0mGET /?i=tt3896198 [33m404 [0m0.205 ms - 139[0m
[0mGET /?i=tt3896198 [33m404 [0m0.315 ms - 139[0m
[0mGET /?i=tt3896198 [33m404 [0m3.316 ms - 139[0m
[0mGET /results [33m404 [0m0.612 ms - 146[0m
[0mGET /results [32m200 [0m53.235 ms - 1466[0m
[0mGET /results [33m404 [0m2.824 ms - 146[0m
[0mGET /results [32m200 [0m36.818 ms - 1466[0m
[0mGET /results [36m304 [0m38.462 ms - -[0m
[0mGET /results [36m304 [0m70.303 ms - -[0m
[0mGET /results [36m304 [0m22.829 ms - -[0m
[0mGET /results [36m304 [0m32.595 ms - -[0m
[0mGET /results [36m304 [0m28.266 ms - -[0m
[0mGET /results [36m304 [0m39.770 ms - -[0m
[0mGET /results [36m304 [0m27.854 ms - -[0m
[0mGET /results [36m304 [0m53.442 ms - -[0m
[0mGET / [33m404 [0m3.200 ms - 139[0m
[0mGET / [32m200 [0m2.464 ms - 9[0m
[0mGET /results [36m304 [0m47.442 ms - -[0m
[0mGET /?i=tt3896198 [32m200 [0m2.409 ms - 9[0m
[0mGET /?i=tt3896198 [36m304 [0m3.236 ms - -[0m
[0mGET /?i=tt3896198 [36m304 [0m0.272 ms - -[0m
[0mGET /?i=tt3896198 [36m304 [0m0.157 ms - -[0m
[0mGET /?i=tt3896198 [36m304 [0m0.176 ms - -[0m
[0mGET /?i=tt3896198 [36m304 [0m0.193 ms - -[0m
[0mGET /results [36m304 [0m57.414 ms - -[0m
[0mGET / [36m304 [0m0.867 ms - -[0m
[0mGET /results [36m304 [0m24.999 ms - -[0m
[0mGET /?i=tt3896198 [32m200 [0m1.877 ms - 9[0m
[0mGET /?i=tt3896198 [32m200 [0m0.204 ms - 9[0m
[0mGET /?t=baby%20driver [32m200 [0m0.153 ms - 9[0m
[0mGET /?t=baby%20driver [32m200 [0m0.656 ms - 9[0m
[0mGET /?t=baby%20driver [32m200 [0m0.098 ms - 9[0m
[0mGET /results [33m404 [0m1.977 ms - 146[0m
[0mGET /results [33m404 [0m0.284 ms - 146[0m
[0mGET /?i=tt3896198 [32m200 [0m1.835 ms - 9[0m
[0mGET /?i=tt3896198 [32m200 [0m0.231 ms - 9[0m
[0mGET /?t=baby%20driver [32m200 [0m0.115 ms - 9[0m
[0mGET /?t=baby%20driver [32m200 [0m0.100 ms - 9[0m
[0mGET /?t=baby%20driver [32m200 [0m0.180 ms - 9[0m
[0mGET /results [33m404 [0m3.339 ms - 146[0m
[0mGET /results [33m404 [0m0.302 ms - 146[0m
[0mGET /?i=tt3896198 [32m200 [0m1.805 ms - 9[0m
[0mGET /?i=tt3896198 [32m200 [0m0.214 ms - 9[0m
[0mGET /?t=baby%20driver [32m200 [0m0.119 ms - 9[0m
[0mGET /?t=baby%20driver [32m200 [0m0.099 ms - 9[0m
[0mGET /?t=baby%20driver [32m200 [0m0.145 ms - 9[0m
[0mGET /test [32m200 [0m3.196 ms - 7[0m
[0mGET /search?erictaylor=123abc [32m200 [0m2.466 ms - 23[0m
[0mGET /search??i=tt3896198 [32m200 [0m0.419 ms - 18[0m
[0mGET /search?i=tt3896198 [32m200 [0m0.220 ms - 17[0m
[0mGET /search?i=tt3896198 [32m200 [0m3.633 ms - 11[0m
[0mGET /search?i=tt3896198 [32m200 [0m87.521 ms - 1466[0m
[0mGET /search?i=tt3896198 [36m304 [0m80.329 ms - -[0m
[0mGET /search?i=tt3896198 [32m200 [0m81.039 ms - 1480[0m
[0mGET /search?i=tt3896197 [32m200 [0m71.037 ms - 1543[0m
[0mGET /search?i=tt3896198 [32m200 [0m169.796 ms - 1543[0m
[0mGET /search?i=tt3896198 [32m200 [0m87.955 ms - 1480[0m
[0mGET /search?i=tt3896198 [32m200 [0m0.855 ms - 36[0m
[0mGET /search?i=tt3896198 [32m200 [0m86.109 ms - 1480[0m
[0mGET /search?i=tt3896198 [32m200 [0m0.485 ms - 1466[0m
[0mGET /search?i=tt3896197 [32m200 [0m122.057 ms - 50[0m
[0mGET /search?i=tt3896198 [36m304 [0m72.935 ms - -[0m
[0mGET /search?i=tt3896198 [36m304 [0m0.348 ms - -[0m
[0mGET /search?i=tt3896198 [36m304 [0m0.619 ms - -[0m
[0mGET /search?i=tt3896198 [36m304 [0m0.412 ms - -[0m
[0mGET /search?i=tt3896198 [36m304 [0m0.535 ms - -[0m
[0mGET /search?i=tt3896196 [32m200 [0m66.225 ms - 529[0m
[0mGET /search?i=tt3896198 [36m304 [0m0.215 ms - -[0m
[0mGET /search?i=tt3896198 [36m304 [0m0.173 ms - -[0m
[0mGET /?i=tt3896198 [32m200 [0m4.374 ms - 9[0m
[0mGET /?i=tt3896198 [32m200 [0m0.472 ms - 9[0m
[0mGET /?t=baby%20driver [32m200 [0m0.290 ms - 9[0m
[0mGET /?t=baby%20driver [32m200 [0m0.270 ms - 9[0m
[0mGET /?t=baby%20driver [32m200 [0m0.254 ms - 9[0m
[0mGET /search?i=tt3896198 [33m404 [0m2.608 ms - 145[0m
[0mGET /search?i=tt3896198 [33m404 [0m0.690 ms - 145[0m
[0mGET /search [33m404 [0m0.517 ms - 145[0m
[0mGET /search [32m200 [0m96.020 ms - 73[0m
[0mGET /search [32m200 [0m87.879 ms - 1466[0m
[0mGET /?i=tt3896198 [32m200 [0m1.827 ms - 9[0m
[0mGET /?i=tt3896198 [32m200 [0m0.202 ms - 9[0m
[0mGET /?t=baby%20driver [32m200 [0m0.116 ms - 9[0m
[0mGET /?t=baby%20driver [32m200 [0m0.101 ms - 9[0m
[0mGET /?t=baby%20driver [32m200 [0m0.099 ms - 9[0m
[0mGET /search [32m200 [0m82.941 ms - 73[0m
[0mGET /search?t=baby%20driver [32m200 [0m0.412 ms - 73[0m
[0mGET /search?i=tt3896198 [32m200 [0m223.092 ms - 1466[0m
[0mGET /search?t=baby%20driver [32m200 [0m109.098 ms - 504[0m
[0mGET /search?t=baby+driver [32m200 [0m0.635 ms - 504[0m
[0mGET /search?t=baby%20driver [36m304 [0m0.639 ms - -[0m
[0mGET /search?t=baby%20driver [32m200 [0m595.649 ms - 73[0m
[0mGET /search?i=tt3896198 [36m304 [0m104.776 ms - -[0m
[0mGET /search?i=tt3896198 [33m404 [0m4.003 ms - 145[0m
[0mGET /search?i=tt3896192 [32m200 [0m128.418 ms - 590[0m
[0mGET /search?i=tt3896188 [32m200 [0m68.980 ms - 388[0m
[0mGET /search?i=tt3896189 [32m200 [0m69.555 ms - 50[0m
[0mGET /search?i=tt3896198 [32m200 [0m102.466 ms - 1466[0m
[0mGET /search?i=tt3896191 [32m200 [0m105.002 ms - 50[0m
[0mGET /search?i=tt3896192 [36m304 [0m0.702 ms - -[0m
[0mGET /search?i=tt3896193 [32m200 [0m71.028 ms - 50[0m
[0mGET /search?i=tt3896194 [32m200 [0m75.715 ms - 50[0m
[0mGET /search?i=tt3896186 [32m200 [0m112.284 ms - 556[0m
[0mGET /search?i=tt0106308 [32m200 [0m61.973 ms - 983[0m
[0mGET /search?i=tt0106308 [36m304 [0m0.371 ms - -[0m
[0mGET /?i=tt3896198 [32m200 [0m2.092 ms - 9[0m
[0mGET /?i=tt3896198 [32m200 [0m0.204 ms - 9[0m
[0mGET /?t=baby%20driver [32m200 [0m0.115 ms - 9[0m
[0mGET /?t=baby%20driver [32m200 [0m0.106 ms - 9[0m
[0mGET /?t=baby%20driver [32m200 [0m0.104 ms - 9[0m
[0mGET /?i=tt3896198 [32m200 [0m1.955 ms - 9[0m
[0mGET /?i=tt3896198 [32m200 [0m0.229 ms - 9[0m
[0mGET /?t=baby%20driver [32m200 [0m0.142 ms - 9[0m
[0mGET /?t=baby%20driver [32m200 [0m0.124 ms - 9[0m
[0mGET /?t=baby%20driver [32m200 [0m0.118 ms - 9[0m
[0mGET /search?i=tt3896198 [36m304 [0m87.542 ms - -[0m
[0mGET /search?i=tt3896198 [36m304 [0m0.349 ms - -[0m
[0mGET /?i=tt3896198 [32m200 [0m1.747 ms - 9[0m
[0mGET /?i=tt3896198 [32m200 [0m0.210 ms - 9[0m
[0mGET /?t=baby%20driver [32m200 [0m0.158 ms - 9[0m
[0mGET /?t=baby%20driver [32m200 [0m0.111 ms - 9[0m
[0mGET /?t=baby%20driver [32m200 [0m0.099 ms - 9[0m
[0mGET /search?i=tt3896198 [32m200 [0m80.488 ms - 49[0m
[0mGET /search?i=tt3896198 [36m304 [0m0.558 ms - -[0m
[0mGET /search?i=tt3896198 [32m200 [0m70.854 ms - 1466[0m
[0mGET /search?i=tt3896198 [33m404 [0m2.682 ms - 145[0m
[0mGET /search?i=tt3896198 [33m404 [0m0.287 ms - 145[0m
[0mGET /search?i=tt3896198 [33m404 [0m0.207 ms - 145[0m
[0mGET /?i=tt3896198 [36m304 [0m4.536 ms - -[0m
[0mGET /?i=tt3896198 [36m304 [0m2.389 ms - -[0m
[0mGET /?i=tt3896198 [36m304 [0m2.056 ms - -[0m
[0mGET /search?i=tt3896198 [32m200 [0m82.266 ms - 1466[0m
[0mGET /search?i=tt3896198 [33m404 [0m2.380 ms - 145[0m
[0mGET /search?i=tt3896198 [33m404 [0m4.362 ms - 145[0m
[0mGET /search?i=tt3896198 [32m200 [0m73.772 ms - 1466[0m
[0mGET /?i=tt3896198 [32m200 [0m1.734 ms - 9[0m
[0mGET /?i=tt3896198 [32m200 [0m0.208 ms - 9[0m
[0mGET /?t=baby%20driver [32m200 [0m0.119 ms - 9[0m
[0mGET /?t=baby%20driver [32m200 [0m0.104 ms - 9[0m
[0mGET /?t=baby%20driver [32m200 [0m0.103 ms - 9[0m
[0mGET /search?i=tt3896198 [31m500 [0m7.848 ms - 1510[0m
[0mGET /search?i=tt3896198 [31m500 [0m5.424 ms - 1510[0m
[0mGET /search?i=tt3896198 [32m200 [0m99.518 ms - 1466[0m
[0mGET /search?i=tt3896198 [36m304 [0m93.986 ms - -[0m
[0mGET /search?i=tt3896198 [36m304 [0m0.395 ms - -[0m
[0mGET /search?i=tt3896198 [36m304 [0m84.278 ms - -[0m
[0mGET /search?i=tt3896198 [36m304 [0m0.319 ms - -[0m
[0mGET /search?i=tt3896198 [36m304 [0m73.891 ms - -[0m
[0mGET /?i=tt3896198 [32m200 [0m1.746 ms - 9[0m
[0mGET /?i=tt3896198 [32m200 [0m0.206 ms - 9[0m
[0mGET /?t=baby%20driver [32m200 [0m0.153 ms - 9[0m
[0mGET /?t=baby%20driver [32m200 [0m0.104 ms - 9[0m
[0mGET /?t=baby%20driver [32m200 [0m0.143 ms - 9[0m
[0mGET /search?i=tt3896198 [36m304 [0m83.434 ms - -[0m
[0mGET /?i=tt3896198 [32m200 [0m1.762 ms - 9[0m
[0mGET /?i=tt3896198 [32m200 [0m0.260 ms - 9[0m
[0mGET /?t=baby%20driver [32m200 [0m0.174 ms - 9[0m
[0mGET /?t=baby%20driver [32m200 [0m0.123 ms - 9[0m
[0mGET /?t=baby%20driver [32m200 [0m0.099 ms - 9[0m
[0mGET /search?i=tt3896198 [36m304 [0m82.617 ms - -[0m
[0mGET /search?t=baby%20drive [32m200 [0m70.000 ms - 1466[0m
[0mGET /search?t=baby%20driver [32m200 [0m0.503 ms - 1466[0m
[0mGET /search?t=baby%20driver [32m200 [0m102.806 ms - 1021[0m
[0mGET /search [32m200 [0m0.691 ms - 1021[0m
[0mGET /search [36m304 [0m94.337 ms - -[0m
[0mGET /search [32m200 [0m148.080 ms - 1466[0m
[0mGET /search [32m200 [0m112.166 ms - 1021[0m
[0mGET /search [36m304 [0m0.501 ms - -[0m
[0mGET /search [31m500 [0m4.347 ms - 1504[0m
[0mGET /search [32m200 [0m4.016 ms - 2[0m
[0mGET /search [32m200 [0m3.727 ms - 2[0m
[0mGET /search [32m200 [0m80.051 ms - 1021[0m
[0mGET /search [31m500 [0m4.007 ms - 1504[0m
[0mGET /search [32m200 [0m71.961 ms - 1021[0m
[0mGET /search [36m304 [0m81.621 ms - -[0m
[0mGET /search [36m304 [0m0.317 ms - -[0m
[0mGET /?i=tt3896198 [32m200 [0m1.915 ms - 9[0m
[0mGET /?i=tt3896198 [32m200 [0m0.219 ms - 9[0m
[0mGET /?t=baby%20driver [32m200 [0m0.132 ms - 9[0m
[0mGET /?t=baby%20driver [32m200 [0m0.124 ms - 9[0m
[0mGET /?t=baby%20driver [32m200 [0m0.102 ms - 9[0m
[0mGET / [32m200 [0m93.574 ms - 1021[0m
[0mGET /?i=tt3896198 [32m200 [0m4.052 ms - 56[0m
[0mGET /?t=baby%20driver [32m200 [0m1.203 ms - 37[0m
[0mGET /?i=tt3896198 [32m200 [0m3.958 ms - 56[0m
[0mGET /?t=baby%20driver [32m200 [0m1.197 ms - 37[0m
